Using pre-set license
Built from '2020.3/staging' branch; Version is '2020.3.24f1 (79c78de19888) revision 7980941'; Using compiler version '192528614'; Build Type 'Release'
OS: 'Windows 10  (10.0.19041) 64bit Core' Language: 'en' Physical Memory: 7636 MB
BatchMode: 1, IsHumanControllingUs: 0, StartBugReporterOnCrash: 0, Is64bit: 1, IsPro: 0

COMMAND LINE ARGUMENTS:
C:\Program Files\Unity\Hub\Editor\2020.3.24f1\Editor\Unity.exe
-adb2
-batchMode
-noUpm
-name
AssetImportWorker28
-projectPath
C:/Users/rhysm/OneDrive/Documents/Unity Projects/global-game-jam-2022/Moonlit Monsters GGJ2022
-logFile
Logs/AssetImportWorker28.log
-srvPort
57641
Successfully changed project path to: C:/Users/rhysm/OneDrive/Documents/Unity Projects/global-game-jam-2022/Moonlit Monsters GGJ2022
C:/Users/rhysm/OneDrive/Documents/Unity Projects/global-game-jam-2022/Moonlit Monsters GGJ2022
Using Asset Import Pipeline V2.
Refreshing native plugins compatible for Editor in 21425.77 ms, found 3 plugins.
Preloading 0 native plugins for Editor in 0.00 ms.
Initialize engine version: 2020.3.24f1 (79c78de19888)
[Subsystems] Discovering subsystems at path C:/Program Files/Unity/Hub/Editor/2020.3.24f1/Editor/Data/Resources/UnitySubsystems
[Subsystems] Discovering subsystems at path C:/Users/rhysm/OneDrive/Documents/Unity Projects/global-game-jam-2022/Moonlit Monsters GGJ2022/Assets
GfxDevice: creating device client; threaded=0
